{
  "0 debug pnpm:scope": {
    "selected": 1
  },
  "1 error pnpm": {
    "errno": 1,
    "code": "ELIFECYCLE",
    "pkgid": "blockchain-explorer@0.0.0",
    "stage": "dev",
    "script": "vite",
    "pkgname": "blockchain-explorer",
    "err": {
      "name": "pnpm",
      "message": "blockchain-explorer@0.0.0 dev: `vite`\nExit status 1",
      "code": "ELIFECYCLE",
      "stack": "pnpm: blockchain-explorer@0.0.0 dev: `vite`\nExit status 1\n    at EventEmitter.<anonymous> (D:\\Tools\\nvm\\v18.1.0\\node_modules\\pnpm\\dist\\pnpm.cjs:106732:20)\n    at EventEmitter.emit (node:events:527:28)\n    at ChildProcess.<anonymous> (D:\\Tools\\nvm\\v18.1.0\\node_modules\\pnpm\\dist\\pnpm.cjs:93301:18)\n    at ChildProcess.emit (node:events:527:28)\n    at maybeClose (node:internal/child_process:1090:16)\n    at ChildProcess._handle.onexit (node:internal/child_process:302:5)"
    }
  },
  "2 warn pnpm:global": " Local package.json exists, but node_modules missing, did you mean to install?"
}